<?xml version="1.0" encoding="UTF-8"?>
<testsuite name="ConnectFourTest" tests="1" skipped="0" failures="0" errors="0" timestamp="2023-03-07T16:12:29" hostname="HP" time="2.577">
  <properties/>
  <testcase name="start" classname="ConnectFourTest" time="2.577"/>
  <system-out><![CDATA[?[1;31m
Start test 1?[0m
Connect Four
First player's name:
> Anna
Second player's name:
> Joan
Set the board dimensions (Rows x Columns)
Press Enter for default (6 x 7)
> 4x5
Board rows should be from 5 to 9
Set the board dimensions (Rows x Columns)
Press Enter for default (6 x 7)
> 4X5
Board rows should be from 5 to 9
Set the board dimensions (Rows x Columns)
Press Enter for default (6 x 7)
> 10x6
Board rows should be from 5 to 9
Set the board dimensions (Rows x Columns)
Press Enter for default (6 x 7)
> 12x6
Board rows should be from 5 to 9
Set the board dimensions (Rows x Columns)
Press Enter for default (6 x 7)
> 6x1
Board columns should be from 5 to 9
Set the board dimensions (Rows x Columns)
Press Enter for default (6 x 7)
> 7X4
Board columns should be from 5 to 9
Set the board dimensions (Rows x Columns)
Press Enter for default (6 x 7)
> 8x10
Board columns should be from 5 to 9
Set the board dimensions (Rows x Columns)
Press Enter for default (6 x 7)
> 9x30
Board columns should be from 5 to 9
Set the board dimensions (Rows x Columns)
Press Enter for default (6 x 7)
> 9X5
Anna VS Joan
9 X 5 board
 1 2 3 4 5
║ ║ ║ ║ ║ ║
║ ║ ║ ║ ║ ║
║ ║ ║ ║ ║ ║
║ ║ ║ ║ ║ ║
║ ║ ║ ║ ║ ║
║ ║ ║ ║ ║ ║
║ ║ ║ ║ ║ ║
║ ║ ║ ║ ║ ║
║ ║ ║ ║ ║ ║
╚═╩═╩═╩═╩═╝
Anna's turn:
?[1;31m
Start test 2?[0m
Connect Four
First player's name:
> Anna
Second player's name:
> Joan
Set the board dimensions (Rows x Columns)
Press Enter for default (6 x 7)
> 6x
Invalid input
Set the board dimensions (Rows x Columns)
Press Enter for default (6 x 7)
> X5
Invalid input
Set the board dimensions (Rows x Columns)
Press Enter for default (6 x 7)
> 10k6
Invalid input
Set the board dimensions (Rows x Columns)
Press Enter for default (6 x 7)
> 12Z6
Invalid input
Set the board dimensions (Rows x Columns)
Press Enter for default (6 x 7)
> a  7x9
Invalid input
Set the board dimensions (Rows x Columns)
Press Enter for default (6 x 7)
> 5x8  t
Invalid input
Set the board dimensions (Rows x Columns)
Press Enter for default (6 x 7)
> 9X5
Anna VS Joan
9 X 5 board
 1 2 3 4 5
║ ║ ║ ║ ║ ║
║ ║ ║ ║ ║ ║
║ ║ ║ ║ ║ ║
║ ║ ║ ║ ║ ║
║ ║ ║ ║ ║ ║
║ ║ ║ ║ ║ ║
║ ║ ║ ║ ║ ║
║ ║ ║ ║ ║ ║
║ ║ ║ ║ ║ ║
╚═╩═╩═╩═╩═╝
Anna's turn:
?[1;31m
Start test 3?[0m
Connect Four
First player's name:
> Anna
Second player's name:
> Joan
Set the board dimensions (Rows x Columns)
Press Enter for default (6 x 7)
> 5x5
Anna VS Joan
5 X 5 board
 1 2 3 4 5
║ ║ ║ ║ ║ ║
║ ║ ║ ║ ║ ║
║ ║ ║ ║ ║ ║
║ ║ ║ ║ ║ ║
║ ║ ║ ║ ║ ║
╚═╩═╩═╩═╩═╝
Anna's turn:
Connect Four
First player's name:
> Anna
Second player's name:
> Joan
Set the board dimensions (Rows x Columns)
Press Enter for default (6 x 7)
> 9X9
Anna VS Joan
9 X 9 board
 1 2 3 4 5 6 7 8 9
║ ║ ║ ║ ║ ║ ║ ║ ║ ║
║ ║ ║ ║ ║ ║ ║ ║ ║ ║
║ ║ ║ ║ ║ ║ ║ ║ ║ ║
║ ║ ║ ║ ║ ║ ║ ║ ║ ║
║ ║ ║ ║ ║ ║ ║ ║ ║ ║
║ ║ ║ ║ ║ ║ ║ ║ ║ ║
║ ║ ║ ║ ║ ║ ║ ║ ║ ║
║ ║ ║ ║ ║ ║ ║ ║ ║ ║
║ ║ ║ ║ ║ ║ ║ ║ ║ ║
╚═╩═╩═╩═╩═╩═╩═╩═╩═╝
Anna's turn:
Connect Four
First player's name:
> Anna
Second player's name:
> Joan
Set the board dimensions (Rows x Columns)
Press Enter for default (6 x 7)
> 9X5
Anna VS Joan
9 X 5 board
 1 2 3 4 5
║ ║ ║ ║ ║ ║
║ ║ ║ ║ ║ ║
║ ║ ║ ║ ║ ║
║ ║ ║ ║ ║ ║
║ ║ ║ ║ ║ ║
║ ║ ║ ║ ║ ║
║ ║ ║ ║ ║ ║
║ ║ ║ ║ ║ ║
║ ║ ║ ║ ║ ║
╚═╩═╩═╩═╩═╝
Anna's turn:
Connect Four
First player's name:
> Anna
Second player's name:
> Joan
Set the board dimensions (Rows x Columns)
Press Enter for default (6 x 7)
> 
Anna VS Joan
6 X 7 board
 1 2 3 4 5 6 7
║ ║ ║ ║ ║ ║ ║ ║
║ ║ ║ ║ ║ ║ ║ ║
║ ║ ║ ║ ║ ║ ║ ║
║ ║ ║ ║ ║ ║ ║ ║
║ ║ ║ ║ ║ ║ ║ ║
║ ║ ║ ║ ║ ║ ║ ║
╚═╩═╩═╩═╩═╩═╩═╝
Anna's turn:
Connect Four
First player's name:
> Anna
Second player's name:
> Joan
Set the board dimensions (Rows x Columns)
Press Enter for default (6 x 7)
>    7   x   9   
Anna VS Joan
7 X 9 board
 1 2 3 4 5 6 7 8 9
║ ║ ║ ║ ║ ║ ║ ║ ║ ║
║ ║ ║ ║ ║ ║ ║ ║ ║ ║
║ ║ ║ ║ ║ ║ ║ ║ ║ ║
║ ║ ║ ║ ║ ║ ║ ║ ║ ║
║ ║ ║ ║ ║ ║ ║ ║ ║ ║
║ ║ ║ ║ ║ ║ ║ ║ ║ ║
║ ║ ║ ║ ║ ║ ║ ║ ║ ║
╚═╩═╩═╩═╩═╩═╩═╩═╩═╝
Anna's turn:
Connect Four
First player's name:
> Anna
Second player's name:
> Joan
Set the board dimensions (Rows x Columns)
Press Enter for default (6 x 7)
>   8  X   6   
Anna VS Joan
8 X 6 board
 1 2 3 4 5 6
║ ║ ║ ║ ║ ║ ║
║ ║ ║ ║ ║ ║ ║
║ ║ ║ ║ ║ ║ ║
║ ║ ║ ║ ║ ║ ║
║ ║ ║ ║ ║ ║ ║
║ ║ ║ ║ ║ ║ ║
║ ║ ║ ║ ║ ║ ║
║ ║ ║ ║ ║ ║ ║
╚═╩═╩═╩═╩═╩═╝
Anna's turn:
Connect Four
First player's name:
> Anna
Second player's name:
> Joan
Set the board dimensions (Rows x Columns)
Press Enter for default (6 x 7)
> 	  9 	X 	5  	 
Anna VS Joan
9 X 5 board
 1 2 3 4 5
║ ║ ║ ║ ║ ║
║ ║ ║ ║ ║ ║
║ ║ ║ ║ ║ ║
║ ║ ║ ║ ║ ║
║ ║ ║ ║ ║ ║
║ ║ ║ ║ ║ ║
║ ║ ║ ║ ║ ║
║ ║ ║ ║ ║ ║
║ ║ ║ ║ ║ ║
╚═╩═╩═╩═╩═╝
Anna's turn:
?[1;31m
Start test 4?[0m
Connect Four
First player's name:
> Anna
Second player's name:
> Joan
Set the board dimensions (Rows x Columns)
Press Enter for default (6 x 7)
> 5X6
Anna VS Joan
5 X 6 board
 1 2 3 4 5 6
║ ║ ║ ║ ║ ║ ║
║ ║ ║ ║ ║ ║ ║
║ ║ ║ ║ ║ ║ ║
║ ║ ║ ║ ║ ║ ║
║ ║ ║ ║ ║ ║ ║
╚═╩═╩═╩═╩═╩═╝
Anna's turn:
> 1
 1 2 3 4 5 6
║ ║ ║ ║ ║ ║ ║
║ ║ ║ ║ ║ ║ ║
║ ║ ║ ║ ║ ║ ║
║ ║ ║ ║ ║ ║ ║
║o║ ║ ║ ║ ║ ║
╚═╩═╩═╩═╩═╩═╝
Joan's turn:
> 2
 1 2 3 4 5 6
║ ║ ║ ║ ║ ║ ║
║ ║ ║ ║ ║ ║ ║
║ ║ ║ ║ ║ ║ ║
║ ║ ║ ║ ║ ║ ║
║o║*║ ║ ║ ║ ║
╚═╩═╩═╩═╩═╩═╝
Anna's turn:
> 3
 1 2 3 4 5 6
║ ║ ║ ║ ║ ║ ║
║ ║ ║ ║ ║ ║ ║
║ ║ ║ ║ ║ ║ ║
║ ║ ║ ║ ║ ║ ║
║o║*║o║ ║ ║ ║
╚═╩═╩═╩═╩═╩═╝
Joan's turn:
> 4
 1 2 3 4 5 6
║ ║ ║ ║ ║ ║ ║
║ ║ ║ ║ ║ ║ ║
║ ║ ║ ║ ║ ║ ║
║ ║ ║ ║ ║ ║ ║
║o║*║o║*║ ║ ║
╚═╩═╩═╩═╩═╩═╝
Anna's turn:
> 5
 1 2 3 4 5 6
║ ║ ║ ║ ║ ║ ║
║ ║ ║ ║ ║ ║ ║
║ ║ ║ ║ ║ ║ ║
║ ║ ║ ║ ║ ║ ║
║o║*║o║*║o║ ║
╚═╩═╩═╩═╩═╩═╝
Joan's turn:
> 6
 1 2 3 4 5 6
║ ║ ║ ║ ║ ║ ║
║ ║ ║ ║ ║ ║ ║
║ ║ ║ ║ ║ ║ ║
║ ║ ║ ║ ║ ║ ║
║o║*║o║*║o║*║
╚═╩═╩═╩═╩═╩═╝
Anna's turn:
> 1
 1 2 3 4 5 6
║ ║ ║ ║ ║ ║ ║
║ ║ ║ ║ ║ ║ ║
║ ║ ║ ║ ║ ║ ║
║o║ ║ ║ ║ ║ ║
║o║*║o║*║o║*║
╚═╩═╩═╩═╩═╩═╝
Joan's turn:
> 2
 1 2 3 4 5 6
║ ║ ║ ║ ║ ║ ║
║ ║ ║ ║ ║ ║ ║
║ ║ ║ ║ ║ ║ ║
║o║*║ ║ ║ ║ ║
║o║*║o║*║o║*║
╚═╩═╩═╩═╩═╩═╝
Anna's turn:
> 3
 1 2 3 4 5 6
║ ║ ║ ║ ║ ║ ║
║ ║ ║ ║ ║ ║ ║
║ ║ ║ ║ ║ ║ ║
║o║*║o║ ║ ║ ║
║o║*║o║*║o║*║
╚═╩═╩═╩═╩═╩═╝
Joan's turn:
> 4
 1 2 3 4 5 6
║ ║ ║ ║ ║ ║ ║
║ ║ ║ ║ ║ ║ ║
║ ║ ║ ║ ║ ║ ║
║o║*║o║*║ ║ ║
║o║*║o║*║o║*║
╚═╩═╩═╩═╩═╩═╝
Anna's turn:
> 5
 1 2 3 4 5 6
║ ║ ║ ║ ║ ║ ║
║ ║ ║ ║ ║ ║ ║
║ ║ ║ ║ ║ ║ ║
║o║*║o║*║o║ ║
║o║*║o║*║o║*║
╚═╩═╩═╩═╩═╩═╝
Joan's turn:
> 6
 1 2 3 4 5 6
║ ║ ║ ║ ║ ║ ║
║ ║ ║ ║ ║ ║ ║
║ ║ ║ ║ ║ ║ ║
║o║*║o║*║o║*║
║o║*║o║*║o║*║
╚═╩═╩═╩═╩═╩═╝
Anna's turn:
> 1
 1 2 3 4 5 6
║ ║ ║ ║ ║ ║ ║
║ ║ ║ ║ ║ ║ ║
║o║ ║ ║ ║ ║ ║
║o║*║o║*║o║*║
║o║*║o║*║o║*║
╚═╩═╩═╩═╩═╩═╝
Joan's turn:
> 2
 1 2 3 4 5 6
║ ║ ║ ║ ║ ║ ║
║ ║ ║ ║ ║ ║ ║
║o║*║ ║ ║ ║ ║
║o║*║o║*║o║*║
║o║*║o║*║o║*║
╚═╩═╩═╩═╩═╩═╝
Anna's turn:
> 3
 1 2 3 4 5 6
║ ║ ║ ║ ║ ║ ║
║ ║ ║ ║ ║ ║ ║
║o║*║o║ ║ ║ ║
║o║*║o║*║o║*║
║o║*║o║*║o║*║
╚═╩═╩═╩═╩═╩═╝
Joan's turn:
> 4
 1 2 3 4 5 6
║ ║ ║ ║ ║ ║ ║
║ ║ ║ ║ ║ ║ ║
║o║*║o║*║ ║ ║
║o║*║o║*║o║*║
║o║*║o║*║o║*║
╚═╩═╩═╩═╩═╩═╝
Anna's turn:
> 5
 1 2 3 4 5 6
║ ║ ║ ║ ║ ║ ║
║ ║ ║ ║ ║ ║ ║
║o║*║o║*║o║ ║
║o║*║o║*║o║*║
║o║*║o║*║o║*║
╚═╩═╩═╩═╩═╩═╝
Joan's turn:
> 6
 1 2 3 4 5 6
║ ║ ║ ║ ║ ║ ║
║ ║ ║ ║ ║ ║ ║
║o║*║o║*║o║*║
║o║*║o║*║o║*║
║o║*║o║*║o║*║
╚═╩═╩═╩═╩═╩═╝
Anna's turn:
> 1
 1 2 3 4 5 6
║ ║ ║ ║ ║ ║ ║
║o║ ║ ║ ║ ║ ║
║o║*║o║*║o║*║
║o║*║o║*║o║*║
║o║*║o║*║o║*║
╚═╩═╩═╩═╩═╩═╝
Joan's turn:
> 2
 1 2 3 4 5 6
║ ║ ║ ║ ║ ║ ║
║o║*║ ║ ║ ║ ║
║o║*║o║*║o║*║
║o║*║o║*║o║*║
║o║*║o║*║o║*║
╚═╩═╩═╩═╩═╩═╝
Anna's turn:
> 3
 1 2 3 4 5 6
║ ║ ║ ║ ║ ║ ║
║o║*║o║ ║ ║ ║
║o║*║o║*║o║*║
║o║*║o║*║o║*║
║o║*║o║*║o║*║
╚═╩═╩═╩═╩═╩═╝
Joan's turn:
> 4
 1 2 3 4 5 6
║ ║ ║ ║ ║ ║ ║
║o║*║o║*║ ║ ║
║o║*║o║*║o║*║
║o║*║o║*║o║*║
║o║*║o║*║o║*║
╚═╩═╩═╩═╩═╩═╝
Anna's turn:
> 5
 1 2 3 4 5 6
║ ║ ║ ║ ║ ║ ║
║o║*║o║*║o║ ║
║o║*║o║*║o║*║
║o║*║o║*║o║*║
║o║*║o║*║o║*║
╚═╩═╩═╩═╩═╩═╝
Joan's turn:
> 6
 1 2 3 4 5 6
║ ║ ║ ║ ║ ║ ║
║o║*║o║*║o║*║
║o║*║o║*║o║*║
║o║*║o║*║o║*║
║o║*║o║*║o║*║
╚═╩═╩═╩═╩═╩═╝
Anna's turn:
> 1
 1 2 3 4 5 6
║o║ ║ ║ ║ ║ ║
║o║*║o║*║o║*║
║o║*║o║*║o║*║
║o║*║o║*║o║*║
║o║*║o║*║o║*║
╚═╩═╩═╩═╩═╩═╝
Joan's turn:
> 2
 1 2 3 4 5 6
║o║*║ ║ ║ ║ ║
║o║*║o║*║o║*║
║o║*║o║*║o║*║
║o║*║o║*║o║*║
║o║*║o║*║o║*║
╚═╩═╩═╩═╩═╩═╝
Anna's turn:
> 3
 1 2 3 4 5 6
║o║*║o║ ║ ║ ║
║o║*║o║*║o║*║
║o║*║o║*║o║*║
║o║*║o║*║o║*║
║o║*║o║*║o║*║
╚═╩═╩═╩═╩═╩═╝
Joan's turn:
> 4
 1 2 3 4 5 6
║o║*║o║*║ ║ ║
║o║*║o║*║o║*║
║o║*║o║*║o║*║
║o║*║o║*║o║*║
║o║*║o║*║o║*║
╚═╩═╩═╩═╩═╩═╝
Anna's turn:
> 5
 1 2 3 4 5 6
║o║*║o║*║o║ ║
║o║*║o║*║o║*║
║o║*║o║*║o║*║
║o║*║o║*║o║*║
║o║*║o║*║o║*║
╚═╩═╩═╩═╩═╩═╝
Joan's turn:
> 6
 1 2 3 4 5 6
║o║*║o║*║o║*║
║o║*║o║*║o║*║
║o║*║o║*║o║*║
║o║*║o║*║o║*║
║o║*║o║*║o║*║
╚═╩═╩═╩═╩═╩═╝
Anna's turn:
> end
Game over!
?[1;31m
Start test 5?[0m
Connect Four
First player's name:
> Anna
Second player's name:
> Joan
Set the board dimensions (Rows x Columns)
Press Enter for default (6 x 7)
> 7X7
Anna VS Joan
7 X 7 board
 1 2 3 4 5 6 7
║ ║ ║ ║ ║ ║ ║ ║
║ ║ ║ ║ ║ ║ ║ ║
║ ║ ║ ║ ║ ║ ║ ║
║ ║ ║ ║ ║ ║ ║ ║
║ ║ ║ ║ ║ ║ ║ ║
║ ║ ║ ║ ║ ║ ║ ║
║ ║ ║ ║ ║ ║ ║ ║
╚═╩═╩═╩═╩═╩═╩═╝
Anna's turn:
> 1
 1 2 3 4 5 6 7
║ ║ ║ ║ ║ ║ ║ ║
║ ║ ║ ║ ║ ║ ║ ║
║ ║ ║ ║ ║ ║ ║ ║
║ ║ ║ ║ ║ ║ ║ ║
║ ║ ║ ║ ║ ║ ║ ║
║ ║ ║ ║ ║ ║ ║ ║
║o║ ║ ║ ║ ║ ║ ║
╚═╩═╩═╩═╩═╩═╩═╝
Joan's turn:
> 2
 1 2 3 4 5 6 7
║ ║ ║ ║ ║ ║ ║ ║
║ ║ ║ ║ ║ ║ ║ ║
║ ║ ║ ║ ║ ║ ║ ║
║ ║ ║ ║ ║ ║ ║ ║
║ ║ ║ ║ ║ ║ ║ ║
║ ║ ║ ║ ║ ║ ║ ║
║o║*║ ║ ║ ║ ║ ║
╚═╩═╩═╩═╩═╩═╩═╝
Anna's turn:
> 3
 1 2 3 4 5 6 7
║ ║ ║ ║ ║ ║ ║ ║
║ ║ ║ ║ ║ ║ ║ ║
║ ║ ║ ║ ║ ║ ║ ║
║ ║ ║ ║ ║ ║ ║ ║
║ ║ ║ ║ ║ ║ ║ ║
║ ║ ║ ║ ║ ║ ║ ║
║o║*║o║ ║ ║ ║ ║
╚═╩═╩═╩═╩═╩═╩═╝
Joan's turn:
> 4
 1 2 3 4 5 6 7
║ ║ ║ ║ ║ ║ ║ ║
║ ║ ║ ║ ║ ║ ║ ║
║ ║ ║ ║ ║ ║ ║ ║
║ ║ ║ ║ ║ ║ ║ ║
║ ║ ║ ║ ║ ║ ║ ║
║ ║ ║ ║ ║ ║ ║ ║
║o║*║o║*║ ║ ║ ║
╚═╩═╩═╩═╩═╩═╩═╝
Anna's turn:
> 5
 1 2 3 4 5 6 7
║ ║ ║ ║ ║ ║ ║ ║
║ ║ ║ ║ ║ ║ ║ ║
║ ║ ║ ║ ║ ║ ║ ║
║ ║ ║ ║ ║ ║ ║ ║
║ ║ ║ ║ ║ ║ ║ ║
║ ║ ║ ║ ║ ║ ║ ║
║o║*║o║*║o║ ║ ║
╚═╩═╩═╩═╩═╩═╩═╝
Joan's turn:
> 6
 1 2 3 4 5 6 7
║ ║ ║ ║ ║ ║ ║ ║
║ ║ ║ ║ ║ ║ ║ ║
║ ║ ║ ║ ║ ║ ║ ║
║ ║ ║ ║ ║ ║ ║ ║
║ ║ ║ ║ ║ ║ ║ ║
║ ║ ║ ║ ║ ║ ║ ║
║o║*║o║*║o║*║ ║
╚═╩═╩═╩═╩═╩═╩═╝
Anna's turn:
> 7
 1 2 3 4 5 6 7
║ ║ ║ ║ ║ ║ ║ ║
║ ║ ║ ║ ║ ║ ║ ║
║ ║ ║ ║ ║ ║ ║ ║
║ ║ ║ ║ ║ ║ ║ ║
║ ║ ║ ║ ║ ║ ║ ║
║ ║ ║ ║ ║ ║ ║ ║
║o║*║o║*║o║*║o║
╚═╩═╩═╩═╩═╩═╩═╝
Joan's turn:
> 1
 1 2 3 4 5 6 7
║ ║ ║ ║ ║ ║ ║ ║
║ ║ ║ ║ ║ ║ ║ ║
║ ║ ║ ║ ║ ║ ║ ║
║ ║ ║ ║ ║ ║ ║ ║
║ ║ ║ ║ ║ ║ ║ ║
║*║ ║ ║ ║ ║ ║ ║
║o║*║o║*║o║*║o║
╚═╩═╩═╩═╩═╩═╩═╝
Anna's turn:
> 2
 1 2 3 4 5 6 7
║ ║ ║ ║ ║ ║ ║ ║
║ ║ ║ ║ ║ ║ ║ ║
║ ║ ║ ║ ║ ║ ║ ║
║ ║ ║ ║ ║ ║ ║ ║
║ ║ ║ ║ ║ ║ ║ ║
║*║o║ ║ ║ ║ ║ ║
║o║*║o║*║o║*║o║
╚═╩═╩═╩═╩═╩═╩═╝
Joan's turn:
> 3
 1 2 3 4 5 6 7
║ ║ ║ ║ ║ ║ ║ ║
║ ║ ║ ║ ║ ║ ║ ║
║ ║ ║ ║ ║ ║ ║ ║
║ ║ ║ ║ ║ ║ ║ ║
║ ║ ║ ║ ║ ║ ║ ║
║*║o║*║ ║ ║ ║ ║
║o║*║o║*║o║*║o║
╚═╩═╩═╩═╩═╩═╩═╝
Anna's turn:
> 4
 1 2 3 4 5 6 7
║ ║ ║ ║ ║ ║ ║ ║
║ ║ ║ ║ ║ ║ ║ ║
║ ║ ║ ║ ║ ║ ║ ║
║ ║ ║ ║ ║ ║ ║ ║
║ ║ ║ ║ ║ ║ ║ ║
║*║o║*║o║ ║ ║ ║
║o║*║o║*║o║*║o║
╚═╩═╩═╩═╩═╩═╩═╝
Joan's turn:
> 5
 1 2 3 4 5 6 7
║ ║ ║ ║ ║ ║ ║ ║
║ ║ ║ ║ ║ ║ ║ ║
║ ║ ║ ║ ║ ║ ║ ║
║ ║ ║ ║ ║ ║ ║ ║
║ ║ ║ ║ ║ ║ ║ ║
║*║o║*║o║*║ ║ ║
║o║*║o║*║o║*║o║
╚═╩═╩═╩═╩═╩═╩═╝
Anna's turn:
> 6
 1 2 3 4 5 6 7
║ ║ ║ ║ ║ ║ ║ ║
║ ║ ║ ║ ║ ║ ║ ║
║ ║ ║ ║ ║ ║ ║ ║
║ ║ ║ ║ ║ ║ ║ ║
║ ║ ║ ║ ║ ║ ║ ║
║*║o║*║o║*║o║ ║
║o║*║o║*║o║*║o║
╚═╩═╩═╩═╩═╩═╩═╝
Joan's turn:
> 7
 1 2 3 4 5 6 7
║ ║ ║ ║ ║ ║ ║ ║
║ ║ ║ ║ ║ ║ ║ ║
║ ║ ║ ║ ║ ║ ║ ║
║ ║ ║ ║ ║ ║ ║ ║
║ ║ ║ ║ ║ ║ ║ ║
║*║o║*║o║*║o║*║
║o║*║o║*║o║*║o║
╚═╩═╩═╩═╩═╩═╩═╝
Anna's turn:
> 1
 1 2 3 4 5 6 7
║ ║ ║ ║ ║ ║ ║ ║
║ ║ ║ ║ ║ ║ ║ ║
║ ║ ║ ║ ║ ║ ║ ║
║ ║ ║ ║ ║ ║ ║ ║
║o║ ║ ║ ║ ║ ║ ║
║*║o║*║o║*║o║*║
║o║*║o║*║o║*║o║
╚═╩═╩═╩═╩═╩═╩═╝
Joan's turn:
> 2
 1 2 3 4 5 6 7
║ ║ ║ ║ ║ ║ ║ ║
║ ║ ║ ║ ║ ║ ║ ║
║ ║ ║ ║ ║ ║ ║ ║
║ ║ ║ ║ ║ ║ ║ ║
║o║*║ ║ ║ ║ ║ ║
║*║o║*║o║*║o║*║
║o║*║o║*║o║*║o║
╚═╩═╩═╩═╩═╩═╩═╝
Anna's turn:
> 3
 1 2 3 4 5 6 7
║ ║ ║ ║ ║ ║ ║ ║
║ ║ ║ ║ ║ ║ ║ ║
║ ║ ║ ║ ║ ║ ║ ║
║ ║ ║ ║ ║ ║ ║ ║
║o║*║o║ ║ ║ ║ ║
║*║o║*║o║*║o║*║
║o║*║o║*║o║*║o║
╚═╩═╩═╩═╩═╩═╩═╝
Joan's turn:
> 4
 1 2 3 4 5 6 7
║ ║ ║ ║ ║ ║ ║ ║
║ ║ ║ ║ ║ ║ ║ ║
║ ║ ║ ║ ║ ║ ║ ║
║ ║ ║ ║ ║ ║ ║ ║
║o║*║o║*║ ║ ║ ║
║*║o║*║o║*║o║*║
║o║*║o║*║o║*║o║
╚═╩═╩═╩═╩═╩═╩═╝
Anna's turn:
> 5
 1 2 3 4 5 6 7
║ ║ ║ ║ ║ ║ ║ ║
║ ║ ║ ║ ║ ║ ║ ║
║ ║ ║ ║ ║ ║ ║ ║
║ ║ ║ ║ ║ ║ ║ ║
║o║*║o║*║o║ ║ ║
║*║o║*║o║*║o║*║
║o║*║o║*║o║*║o║
╚═╩═╩═╩═╩═╩═╩═╝
Joan's turn:
> 6
 1 2 3 4 5 6 7
║ ║ ║ ║ ║ ║ ║ ║
║ ║ ║ ║ ║ ║ ║ ║
║ ║ ║ ║ ║ ║ ║ ║
║ ║ ║ ║ ║ ║ ║ ║
║o║*║o║*║o║*║ ║
║*║o║*║o║*║o║*║
║o║*║o║*║o║*║o║
╚═╩═╩═╩═╩═╩═╩═╝
Anna's turn:
> 7
 1 2 3 4 5 6 7
║ ║ ║ ║ ║ ║ ║ ║
║ ║ ║ ║ ║ ║ ║ ║
║ ║ ║ ║ ║ ║ ║ ║
║ ║ ║ ║ ║ ║ ║ ║
║o║*║o║*║o║*║o║
║*║o║*║o║*║o║*║
║o║*║o║*║o║*║o║
╚═╩═╩═╩═╩═╩═╩═╝
Joan's turn:
> 1
 1 2 3 4 5 6 7
║ ║ ║ ║ ║ ║ ║ ║
║ ║ ║ ║ ║ ║ ║ ║
║ ║ ║ ║ ║ ║ ║ ║
║*║ ║ ║ ║ ║ ║ ║
║o║*║o║*║o║*║o║
║*║o║*║o║*║o║*║
║o║*║o║*║o║*║o║
╚═╩═╩═╩═╩═╩═╩═╝
Anna's turn:
> 2
 1 2 3 4 5 6 7
║ ║ ║ ║ ║ ║ ║ ║
║ ║ ║ ║ ║ ║ ║ ║
║ ║ ║ ║ ║ ║ ║ ║
║*║o║ ║ ║ ║ ║ ║
║o║*║o║*║o║*║o║
║*║o║*║o║*║o║*║
║o║*║o║*║o║*║o║
╚═╩═╩═╩═╩═╩═╩═╝
Joan's turn:
> 3
 1 2 3 4 5 6 7
║ ║ ║ ║ ║ ║ ║ ║
║ ║ ║ ║ ║ ║ ║ ║
║ ║ ║ ║ ║ ║ ║ ║
║*║o║*║ ║ ║ ║ ║
║o║*║o║*║o║*║o║
║*║o║*║o║*║o║*║
║o║*║o║*║o║*║o║
╚═╩═╩═╩═╩═╩═╩═╝
Anna's turn:
> 4
 1 2 3 4 5 6 7
║ ║ ║ ║ ║ ║ ║ ║
║ ║ ║ ║ ║ ║ ║ ║
║ ║ ║ ║ ║ ║ ║ ║
║*║o║*║o║ ║ ║ ║
║o║*║o║*║o║*║o║
║*║o║*║o║*║o║*║
║o║*║o║*║o║*║o║
╚═╩═╩═╩═╩═╩═╩═╝
Joan's turn:
> 5
 1 2 3 4 5 6 7
║ ║ ║ ║ ║ ║ ║ ║
║ ║ ║ ║ ║ ║ ║ ║
║ ║ ║ ║ ║ ║ ║ ║
║*║o║*║o║*║ ║ ║
║o║*║o║*║o║*║o║
║*║o║*║o║*║o║*║
║o║*║o║*║o║*║o║
╚═╩═╩═╩═╩═╩═╩═╝
Anna's turn:
> 6
 1 2 3 4 5 6 7
║ ║ ║ ║ ║ ║ ║ ║
║ ║ ║ ║ ║ ║ ║ ║
║ ║ ║ ║ ║ ║ ║ ║
║*║o║*║o║*║o║ ║
║o║*║o║*║o║*║o║
║*║o║*║o║*║o║*║
║o║*║o║*║o║*║o║
╚═╩═╩═╩═╩═╩═╩═╝
Joan's turn:
> 7
 1 2 3 4 5 6 7
║ ║ ║ ║ ║ ║ ║ ║
║ ║ ║ ║ ║ ║ ║ ║
║ ║ ║ ║ ║ ║ ║ ║
║*║o║*║o║*║o║*║
║o║*║o║*║o║*║o║
║*║o║*║o║*║o║*║
║o║*║o║*║o║*║o║
╚═╩═╩═╩═╩═╩═╩═╝
Anna's turn:
> 1
 1 2 3 4 5 6 7
║ ║ ║ ║ ║ ║ ║ ║
║ ║ ║ ║ ║ ║ ║ ║
║o║ ║ ║ ║ ║ ║ ║
║*║o║*║o║*║o║*║
║o║*║o║*║o║*║o║
║*║o║*║o║*║o║*║
║o║*║o║*║o║*║o║
╚═╩═╩═╩═╩═╩═╩═╝
Joan's turn:
> 2
 1 2 3 4 5 6 7
║ ║ ║ ║ ║ ║ ║ ║
║ ║ ║ ║ ║ ║ ║ ║
║o║*║ ║ ║ ║ ║ ║
║*║o║*║o║*║o║*║
║o║*║o║*║o║*║o║
║*║o║*║o║*║o║*║
║o║*║o║*║o║*║o║
╚═╩═╩═╩═╩═╩═╩═╝
Anna's turn:
> 3
 1 2 3 4 5 6 7
║ ║ ║ ║ ║ ║ ║ ║
║ ║ ║ ║ ║ ║ ║ ║
║o║*║o║ ║ ║ ║ ║
║*║o║*║o║*║o║*║
║o║*║o║*║o║*║o║
║*║o║*║o║*║o║*║
║o║*║o║*║o║*║o║
╚═╩═╩═╩═╩═╩═╩═╝
Joan's turn:
> 4
 1 2 3 4 5 6 7
║ ║ ║ ║ ║ ║ ║ ║
║ ║ ║ ║ ║ ║ ║ ║
║o║*║o║*║ ║ ║ ║
║*║o║*║o║*║o║*║
║o║*║o║*║o║*║o║
║*║o║*║o║*║o║*║
║o║*║o║*║o║*║o║
╚═╩═╩═╩═╩═╩═╩═╝
Anna's turn:
> 5
 1 2 3 4 5 6 7
║ ║ ║ ║ ║ ║ ║ ║
║ ║ ║ ║ ║ ║ ║ ║
║o║*║o║*║o║ ║ ║
║*║o║*║o║*║o║*║
║o║*║o║*║o║*║o║
║*║o║*║o║*║o║*║
║o║*║o║*║o║*║o║
╚═╩═╩═╩═╩═╩═╩═╝
Joan's turn:
> 6
 1 2 3 4 5 6 7
║ ║ ║ ║ ║ ║ ║ ║
║ ║ ║ ║ ║ ║ ║ ║
║o║*║o║*║o║*║ ║
║*║o║*║o║*║o║*║
║o║*║o║*║o║*║o║
║*║o║*║o║*║o║*║
║o║*║o║*║o║*║o║
╚═╩═╩═╩═╩═╩═╩═╝
Anna's turn:
> 7
 1 2 3 4 5 6 7
║ ║ ║ ║ ║ ║ ║ ║
║ ║ ║ ║ ║ ║ ║ ║
║o║*║o║*║o║*║o║
║*║o║*║o║*║o║*║
║o║*║o║*║o║*║o║
║*║o║*║o║*║o║*║
║o║*║o║*║o║*║o║
╚═╩═╩═╩═╩═╩═╩═╝
Joan's turn:
> 1
 1 2 3 4 5 6 7
║ ║ ║ ║ ║ ║ ║ ║
║*║ ║ ║ ║ ║ ║ ║
║o║*║o║*║o║*║o║
║*║o║*║o║*║o║*║
║o║*║o║*║o║*║o║
║*║o║*║o║*║o║*║
║o║*║o║*║o║*║o║
╚═╩═╩═╩═╩═╩═╩═╝
Anna's turn:
> 2
 1 2 3 4 5 6 7
║ ║ ║ ║ ║ ║ ║ ║
║*║o║ ║ ║ ║ ║ ║
║o║*║o║*║o║*║o║
║*║o║*║o║*║o║*║
║o║*║o║*║o║*║o║
║*║o║*║o║*║o║*║
║o║*║o║*║o║*║o║
╚═╩═╩═╩═╩═╩═╩═╝
Joan's turn:
> 3
 1 2 3 4 5 6 7
║ ║ ║ ║ ║ ║ ║ ║
║*║o║*║ ║ ║ ║ ║
║o║*║o║*║o║*║o║
║*║o║*║o║*║o║*║
║o║*║o║*║o║*║o║
║*║o║*║o║*║o║*║
║o║*║o║*║o║*║o║
╚═╩═╩═╩═╩═╩═╩═╝
Anna's turn:
> 4
 1 2 3 4 5 6 7
║ ║ ║ ║ ║ ║ ║ ║
║*║o║*║o║ ║ ║ ║
║o║*║o║*║o║*║o║
║*║o║*║o║*║o║*║
║o║*║o║*║o║*║o║
║*║o║*║o║*║o║*║
║o║*║o║*║o║*║o║
╚═╩═╩═╩═╩═╩═╩═╝
Joan's turn:
> 5
 1 2 3 4 5 6 7
║ ║ ║ ║ ║ ║ ║ ║
║*║o║*║o║*║ ║ ║
║o║*║o║*║o║*║o║
║*║o║*║o║*║o║*║
║o║*║o║*║o║*║o║
║*║o║*║o║*║o║*║
║o║*║o║*║o║*║o║
╚═╩═╩═╩═╩═╩═╩═╝
Anna's turn:
> 6
 1 2 3 4 5 6 7
║ ║ ║ ║ ║ ║ ║ ║
║*║o║*║o║*║o║ ║
║o║*║o║*║o║*║o║
║*║o║*║o║*║o║*║
║o║*║o║*║o║*║o║
║*║o║*║o║*║o║*║
║o║*║o║*║o║*║o║
╚═╩═╩═╩═╩═╩═╩═╝
Joan's turn:
> 7
 1 2 3 4 5 6 7
║ ║ ║ ║ ║ ║ ║ ║
║*║o║*║o║*║o║*║
║o║*║o║*║o║*║o║
║*║o║*║o║*║o║*║
║o║*║o║*║o║*║o║
║*║o║*║o║*║o║*║
║o║*║o║*║o║*║o║
╚═╩═╩═╩═╩═╩═╩═╝
Anna's turn:
> 1
 1 2 3 4 5 6 7
║o║ ║ ║ ║ ║ ║ ║
║*║o║*║o║*║o║*║
║o║*║o║*║o║*║o║
║*║o║*║o║*║o║*║
║o║*║o║*║o║*║o║
║*║o║*║o║*║o║*║
║o║*║o║*║o║*║o║
╚═╩═╩═╩═╩═╩═╩═╝
Joan's turn:
> 2
 1 2 3 4 5 6 7
║o║*║ ║ ║ ║ ║ ║
║*║o║*║o║*║o║*║
║o║*║o║*║o║*║o║
║*║o║*║o║*║o║*║
║o║*║o║*║o║*║o║
║*║o║*║o║*║o║*║
║o║*║o║*║o║*║o║
╚═╩═╩═╩═╩═╩═╩═╝
Anna's turn:
> 3
 1 2 3 4 5 6 7
║o║*║o║ ║ ║ ║ ║
║*║o║*║o║*║o║*║
║o║*║o║*║o║*║o║
║*║o║*║o║*║o║*║
║o║*║o║*║o║*║o║
║*║o║*║o║*║o║*║
║o║*║o║*║o║*║o║
╚═╩═╩═╩═╩═╩═╩═╝
Joan's turn:
> 4
 1 2 3 4 5 6 7
║o║*║o║*║ ║ ║ ║
║*║o║*║o║*║o║*║
║o║*║o║*║o║*║o║
║*║o║*║o║*║o║*║
║o║*║o║*║o║*║o║
║*║o║*║o║*║o║*║
║o║*║o║*║o║*║o║
╚═╩═╩═╩═╩═╩═╩═╝
Anna's turn:
> 5
 1 2 3 4 5 6 7
║o║*║o║*║o║ ║ ║
║*║o║*║o║*║o║*║
║o║*║o║*║o║*║o║
║*║o║*║o║*║o║*║
║o║*║o║*║o║*║o║
║*║o║*║o║*║o║*║
║o║*║o║*║o║*║o║
╚═╩═╩═╩═╩═╩═╩═╝
Joan's turn:
> 6
 1 2 3 4 5 6 7
║o║*║o║*║o║*║ ║
║*║o║*║o║*║o║*║
║o║*║o║*║o║*║o║
║*║o║*║o║*║o║*║
║o║*║o║*║o║*║o║
║*║o║*║o║*║o║*║
║o║*║o║*║o║*║o║
╚═╩═╩═╩═╩═╩═╩═╝
Anna's turn:
> 7
 1 2 3 4 5 6 7
║o║*║o║*║o║*║o║
║*║o║*║o║*║o║*║
║o║*║o║*║o║*║o║
║*║o║*║o║*║o║*║
║o║*║o║*║o║*║o║
║*║o║*║o║*║o║*║
║o║*║o║*║o║*║o║
╚═╩═╩═╩═╩═╩═╩═╝
Joan's turn:
> end
Game over!
?[1;31m
Start test 6?[0m
Connect Four
First player's name:
> Anna
Second player's name:
> Joan
Set the board dimensions (Rows x Columns)
Press Enter for default (6 x 7)
> 5X5
Anna VS Joan
5 X 5 board
 1 2 3 4 5
║ ║ ║ ║ ║ ║
║ ║ ║ ║ ║ ║
║ ║ ║ ║ ║ ║
║ ║ ║ ║ ║ ║
║ ║ ║ ║ ║ ║
╚═╩═╩═╩═╩═╝
Anna's turn:
> 1
 1 2 3 4 5
║ ║ ║ ║ ║ ║
║ ║ ║ ║ ║ ║
║ ║ ║ ║ ║ ║
║ ║ ║ ║ ║ ║
║o║ ║ ║ ║ ║
╚═╩═╩═╩═╩═╝
Joan's turn:
> 2
 1 2 3 4 5
║ ║ ║ ║ ║ ║
║ ║ ║ ║ ║ ║
║ ║ ║ ║ ║ ║
║ ║ ║ ║ ║ ║
║o║*║ ║ ║ ║
╚═╩═╩═╩═╩═╝
Anna's turn:
> 3
 1 2 3 4 5
║ ║ ║ ║ ║ ║
║ ║ ║ ║ ║ ║
║ ║ ║ ║ ║ ║
║ ║ ║ ║ ║ ║
║o║*║o║ ║ ║
╚═╩═╩═╩═╩═╝
Joan's turn:
> 4
 1 2 3 4 5
║ ║ ║ ║ ║ ║
║ ║ ║ ║ ║ ║
║ ║ ║ ║ ║ ║
║ ║ ║ ║ ║ ║
║o║*║o║*║ ║
╚═╩═╩═╩═╩═╝
Anna's turn:
> 5
 1 2 3 4 5
║ ║ ║ ║ ║ ║
║ ║ ║ ║ ║ ║
║ ║ ║ ║ ║ ║
║ ║ ║ ║ ║ ║
║o║*║o║*║o║
╚═╩═╩═╩═╩═╝
Joan's turn:
> 1
 1 2 3 4 5
║ ║ ║ ║ ║ ║
║ ║ ║ ║ ║ ║
║ ║ ║ ║ ║ ║
║*║ ║ ║ ║ ║
║o║*║o║*║o║
╚═╩═╩═╩═╩═╝
Anna's turn:
> 2
 1 2 3 4 5
║ ║ ║ ║ ║ ║
║ ║ ║ ║ ║ ║
║ ║ ║ ║ ║ ║
║*║o║ ║ ║ ║
║o║*║o║*║o║
╚═╩═╩═╩═╩═╝
Joan's turn:
> 3
 1 2 3 4 5
║ ║ ║ ║ ║ ║
║ ║ ║ ║ ║ ║
║ ║ ║ ║ ║ ║
║*║o║*║ ║ ║
║o║*║o║*║o║
╚═╩═╩═╩═╩═╝
Anna's turn:
> 4
 1 2 3 4 5
║ ║ ║ ║ ║ ║
║ ║ ║ ║ ║ ║
║ ║ ║ ║ ║ ║
║*║o║*║o║ ║
║o║*║o║*║o║
╚═╩═╩═╩═╩═╝
Joan's turn:
> 5
 1 2 3 4 5
║ ║ ║ ║ ║ ║
║ ║ ║ ║ ║ ║
║ ║ ║ ║ ║ ║
║*║o║*║o║*║
║o║*║o║*║o║
╚═╩═╩═╩═╩═╝
Anna's turn:
> 1
 1 2 3 4 5
║ ║ ║ ║ ║ ║
║ ║ ║ ║ ║ ║
║o║ ║ ║ ║ ║
║*║o║*║o║*║
║o║*║o║*║o║
╚═╩═╩═╩═╩═╝
Joan's turn:
> 2
 1 2 3 4 5
║ ║ ║ ║ ║ ║
║ ║ ║ ║ ║ ║
║o║*║ ║ ║ ║
║*║o║*║o║*║
║o║*║o║*║o║
╚═╩═╩═╩═╩═╝
Anna's turn:
> 3
 1 2 3 4 5
║ ║ ║ ║ ║ ║
║ ║ ║ ║ ║ ║
║o║*║o║ ║ ║
║*║o║*║o║*║
║o║*║o║*║o║
╚═╩═╩═╩═╩═╝
Joan's turn:
> 4
 1 2 3 4 5
║ ║ ║ ║ ║ ║
║ ║ ║ ║ ║ ║
║o║*║o║*║ ║
║*║o║*║o║*║
║o║*║o║*║o║
╚═╩═╩═╩═╩═╝
Anna's turn:
> 5
 1 2 3 4 5
║ ║ ║ ║ ║ ║
║ ║ ║ ║ ║ ║
║o║*║o║*║o║
║*║o║*║o║*║
║o║*║o║*║o║
╚═╩═╩═╩═╩═╝
Joan's turn:
> 1
 1 2 3 4 5
║ ║ ║ ║ ║ ║
║*║ ║ ║ ║ ║
║o║*║o║*║o║
║*║o║*║o║*║
║o║*║o║*║o║
╚═╩═╩═╩═╩═╝
Anna's turn:
> 2
 1 2 3 4 5
║ ║ ║ ║ ║ ║
║*║o║ ║ ║ ║
║o║*║o║*║o║
║*║o║*║o║*║
║o║*║o║*║o║
╚═╩═╩═╩═╩═╝
Joan's turn:
> 3
 1 2 3 4 5
║ ║ ║ ║ ║ ║
║*║o║*║ ║ ║
║o║*║o║*║o║
║*║o║*║o║*║
║o║*║o║*║o║
╚═╩═╩═╩═╩═╝
Anna's turn:
> 4
 1 2 3 4 5
║ ║ ║ ║ ║ ║
║*║o║*║o║ ║
║o║*║o║*║o║
║*║o║*║o║*║
║o║*║o║*║o║
╚═╩═╩═╩═╩═╝
Joan's turn:
> 5
 1 2 3 4 5
║ ║ ║ ║ ║ ║
║*║o║*║o║*║
║o║*║o║*║o║
║*║o║*║o║*║
║o║*║o║*║o║
╚═╩═╩═╩═╩═╝
Anna's turn:
> 1
 1 2 3 4 5
║o║ ║ ║ ║ ║
║*║o║*║o║*║
║o║*║o║*║o║
║*║o║*║o║*║
║o║*║o║*║o║
╚═╩═╩═╩═╩═╝
Joan's turn:
> 2
 1 2 3 4 5
║o║*║ ║ ║ ║
║*║o║*║o║*║
║o║*║o║*║o║
║*║o║*║o║*║
║o║*║o║*║o║
╚═╩═╩═╩═╩═╝
Anna's turn:
> 3
 1 2 3 4 5
║o║*║o║ ║ ║
║*║o║*║o║*║
║o║*║o║*║o║
║*║o║*║o║*║
║o║*║o║*║o║
╚═╩═╩═╩═╩═╝
Joan's turn:
> 4
 1 2 3 4 5
║o║*║o║*║ ║
║*║o║*║o║*║
║o║*║o║*║o║
║*║o║*║o║*║
║o║*║o║*║o║
╚═╩═╩═╩═╩═╝
Anna's turn:
> 5
 1 2 3 4 5
║o║*║o║*║o║
║*║o║*║o║*║
║o║*║o║*║o║
║*║o║*║o║*║
║o║*║o║*║o║
╚═╩═╩═╩═╩═╝
Joan's turn:
> 1
Column 1 is full
Joan's turn:
> 2
Column 2 is full
Joan's turn:
> 3
Column 3 is full
Joan's turn:
> 4
Column 4 is full
Joan's turn:
> 5
Column 5 is full
Joan's turn:
> end
Game over!
?[1;31m
Start test 7?[0m
Connect Four
First player's name:
> Anna
Second player's name:
> Joan
Set the board dimensions (Rows x Columns)
Press Enter for default (6 x 7)
> 5X5
Anna VS Joan
5 X 5 board
 1 2 3 4 5
║ ║ ║ ║ ║ ║
║ ║ ║ ║ ║ ║
║ ║ ║ ║ ║ ║
║ ║ ║ ║ ║ ║
║ ║ ║ ║ ║ ║
╚═╩═╩═╩═╩═╝
Anna's turn:
> 0
The column number is out of range (1 - 5)
Anna's turn:
> 6
The column number is out of range (1 - 5)
Anna's turn:
> 7
The column number is out of range (1 - 5)
Anna's turn:
> 10
The column number is out of range (1 - 5)
Anna's turn:
> 122
The column number is out of range (1 - 5)
Anna's turn:
> one
Incorrect column number
Anna's turn:
> 7i
Incorrect column number
Anna's turn:
> k
Incorrect column number
Anna's turn:
> 12z
Incorrect column number
Anna's turn:
> end
Game over!
]]></system-out>
  <system-err><![CDATA[]]></system-err>
</testsuite>
